# JRE version: Java(TM) SE Runtime Environment (24.0.1+9) (build 24.0.1+9-30)
# Java VM: Java HotSpot(TM) 64-Bit Server VM (24.0.1+9-30, mixed mode, sharing, tiered, compressed oops, compressed class ptrs, g1 gc, windows-amd64)
GC Precious Log:
 CardTable entry size: 512
 Card Set container configuration: InlinePtr #cards 5 size 8 Array Of Cards #cards 10 size 36 Howl #buckets 4 coarsen threshold 1843 Howl Bitmap #cards 512 size 80 coarsen threshold 460 Card regions per heap region 1 cards per card region 2048
 CPUs: 8 total, 8 available
 Memory: 7930M
 Large Page Support: Disabled
 NUMA Support: Disabled
 Compressed Oops: Enabled (32-bit)
 Heap Region Size: 1M
 Heap Min Capacity: 8M
 Heap Initial Capacity: 124M
 Heap Max Capacity: 1984M
 Pre-touch: Disabled
 Parallel Workers: 8
 Concurrent Workers: 2
 Concurrent Refinement Workers: 8
 Periodic GC: Disabled
Heap:
 garbage-first heap   total reserved 2031616K, committed 60416K, used 49382K [0x0000000084000000, 0x0000000100000000)
  region size 1024K, 16 young (16384K), 3 survivors (3072K)
 Metaspace       used 77039K, committed 77696K, reserved 1179648K
  class space    used 8352K, committed 8640K, reserved 1048576K
GC Heap History (20 events):
Event: 8.973 GC heap before
{Heap before GC invocations=6 (full 0):
 garbage-first heap   total reserved 2031616K, committed 58368K, used 25469K [0x0000000084000000, 0x0000000100000000)
  region size 1024K, 6 young (6144K), 2 survivors (2048K)
 Metaspace       used 35514K, committed 35968K, reserved 1114112K
  class space    used 3664K, committed 3904K, reserved 1048576K
}
Event: 8.979 GC heap after
{Heap after GC invocations=7 (full 0):
 garbage-first heap   total reserved 2031616K, committed 58368K, used 22500K [0x0000000084000000, 0x0000000100000000)
  region size 1024K, 2 young (2048K), 2 survivors (2048K)
 Metaspace       used 35514K, committed 35968K, reserved 1114112K
  class space    used 3664K, committed 3904K, reserved 1048576K
}
Event: 9.461 GC heap before
{Heap before GC invocations=8 (full 0):
 garbage-first heap   total reserved 2031616K, committed 58368K, used 47076K [0x0000000084000000, 0x0000000100000000)
  region size 1024K, 27 young (27648K), 2 survivors (2048K)
 Metaspace       used 41679K, committed 42112K, reserved 1114112K
  class space    used 4375K, committed 4608K, reserved 1048576K
}
Event: 9.471 GC heap after
{Heap after GC invocations=9 (full 0):
 garbage-first heap   total reserved 2031616K, committed 58368K, used 26349K [0x0000000084000000, 0x0000000100000000)
  region size 1024K, 4 young (4096K), 4 survivors (4096K)
 Metaspace       used 41679K, committed 42112K, reserved 1114112K
  class space    used 4375K, committed 4608K, reserved 1048576K
}
Event: 9.941 GC heap before
{Heap before GC invocations=9 (full 0):
 garbage-first heap   total reserved 2031616K, committed 58368K, used 47853K [0x0000000084000000, 0x0000000100000000)
  region size 1024K, 26 young (26624K), 4 survivors (4096K)
 Metaspace       used 45113K, committed 45632K, reserved 1114112K
  class space    used 4822K, committed 5056K, reserved 1048576K
}
Event: 9.949 GC heap after
{Heap after GC invocations=10 (full 0):
 garbage-first heap   total reserved 2031616K, committed 58368K, used 27653K [0x0000000084000000, 0x0000000100000000)
  region size 1024K, 3 young (3072K), 3 survivors (3072K)
 Metaspace       used 45113K, committed 45632K, reserved 1114112K
  class space    used 4822K, committed 5056K, reserved 1048576K
}
Event: 10.571 GC heap before
{Heap before GC invocations=10 (full 0):
 garbage-first heap   total reserved 2031616K, committed 58368K, used 48133K [0x0000000084000000, 0x0000000100000000)
  region size 1024K, 24 young (24576K), 3 survivors (3072K)
 Metaspace       used 51549K, committed 52096K, reserved 1114112K
  class space    used 5421K, committed 5632K, reserved 1048576K
}
Event: 10.575 GC heap after
{Heap after GC invocations=11 (full 0):
 garbage-first heap   total reserved 2031616K, committed 58368K, used 29522K [0x0000000084000000, 0x0000000100000000)
  region size 1024K, 3 young (3072K), 3 survivors (3072K)
 Metaspace       used 51549K, committed 52096K, reserved 1114112K
  class space    used 5421K, committed 5632K, reserved 1048576K
}
Event: 11.290 GC heap before
{Heap before GC invocations=11 (full 0):
 garbage-first heap   total reserved 2031616K, committed 58368K, used 50002K [0x0000000084000000, 0x0000000100000000)
  region size 1024K, 23 young (23552K), 3 survivors (3072K)
 Metaspace       used 57648K, committed 58176K, reserved 1114112K
  class space    used 6116K, committed 6336K, reserved 1048576K
}
Event: 11.294 GC heap after
{Heap after GC invocations=12 (full 0):
 garbage-first heap   total reserved 2031616K, committed 58368K, used 30465K [0x0000000084000000, 0x0000000100000000)
  region size 1024K, 2 young (2048K), 2 survivors (2048K)
 Metaspace       used 57648K, committed 58176K, reserved 1114112K
  class space    used 6116K, committed 6336K, reserved 1048576K
}
Event: 11.937 GC heap before
{Heap before GC invocations=13 (full 0):
 garbage-first heap   total reserved 2031616K, committed 58368K, used 49921K [0x0000000084000000, 0x0000000100000000)
  region size 1024K, 22 young (22528K), 2 survivors (2048K)
 Metaspace       used 63697K, committed 64192K, reserved 1114112K
  class space    used 6800K, committed 6976K, reserved 1048576K
}
Event: 11.940 GC heap after
{Heap after GC invocations=14 (full 0):
 garbage-first heap   total reserved 2031616K, committed 58368K, used 31792K [0x0000000084000000, 0x0000000100000000)
  region size 1024K, 3 young (3072K), 3 survivors (3072K)
 Metaspace       used 63697K, committed 64192K, reserved 1114112K
  class space    used 6800K, committed 6976K, reserved 1048576K
}
Event: 12.369 GC heap before
{Heap before GC invocations=14 (full 0):
 garbage-first heap   total reserved 2031616K, committed 58368K, used 50224K [0x0000000084000000, 0x0000000100000000)
  region size 1024K, 21 young (21504K), 3 survivors (3072K)
 Metaspace       used 65628K, committed 66176K, reserved 1114112K
  class space    used 7033K, committed 7232K, reserved 1048576K
}
Event: 12.373 GC heap after
{Heap after GC invocations=15 (full 0):
 garbage-first heap   total reserved 2031616K, committed 58368K, used 33215K [0x0000000084000000, 0x0000000100000000)
  region size 1024K, 3 young (3072K), 3 survivors (3072K)
 Metaspace       used 65628K, committed 66176K, reserved 1114112K
  class space    used 7033K, committed 7232K, reserved 1048576K
}
Event: 12.838 GC heap before
{Heap before GC invocations=15 (full 0):
 garbage-first heap   total reserved 2031616K, committed 58368K, used 50623K [0x0000000084000000, 0x0000000100000000)
  region size 1024K, 20 young (20480K), 3 survivors (3072K)
 Metaspace       used 67892K, committed 68416K, reserved 1114112K
  class space    used 7320K, committed 7552K, reserved 1048576K
}
Event: 12.842 GC heap after
{Heap after GC invocations=16 (full 0):
 garbage-first heap   total reserved 2031616K, committed 58368K, used 35092K [0x0000000084000000, 0x0000000100000000)
  region size 1024K, 2 young (2048K), 2 survivors (2048K)
 Metaspace       used 67892K, committed 68416K, reserved 1114112K
  class space    used 7320K, committed 7552K, reserved 1048576K
}
Event: 19.992 GC heap before
{Heap before GC invocations=17 (full 0):
 garbage-first heap   total reserved 2031616K, committed 60416K, used 51476K [0x0000000084000000, 0x0000000100000000)
  region size 1024K, 18 young (18432K), 2 survivors (2048K)
 Metaspace       used 69692K, committed 70272K, reserved 1114112K
  class space    used 7521K, committed 7808K, reserved 1048576K
}
Event: 19.999 GC heap after
{Heap after GC invocations=18 (full 0):
 garbage-first heap   total reserved 2031616K, committed 60416K, used 36684K [0x0000000084000000, 0x0000000100000000)
  region size 1024K, 2 young (2048K), 2 survivors (2048K)
 Metaspace       used 69692K, committed 70272K, reserved 1114112K
  class space    used 7521K, committed 7808K, reserved 1048576K
}
Event: 46.813 GC heap before
{Heap before GC invocations=18 (full 0):
 garbage-first heap   total reserved 2031616K, committed 60416K, used 53068K [0x0000000084000000, 0x0000000100000000)
  region size 1024K, 19 young (19456K), 2 survivors (2048K)
 Metaspace       used 74428K, committed 75072K, reserved 1179648K
  class space    used 8034K, committed 8320K, reserved 1048576K
}
Event: 46.826 GC heap after
{Heap after GC invocations=19 (full 0):
 garbage-first heap   total reserved 2031616K, committed 60416K, used 37094K [0x0000000084000000, 0x0000000100000000)
  region size 1024K, 3 young (3072K), 3 survivors (3072K)
 Metaspace       used 74428K, committed 75072K, reserved 1179648K
  class space    used 8034K, committed 8320K, reserved 1048576K
}

