# JRE version: Java(TM) SE Runtime Environment (24.0.1+9) (build 24.0.1+9-30)
# Java VM: Java HotSpot(TM) 64-Bit Server VM (24.0.1+9-30, mixed mode, sharing, tiered, compressed oops, compressed class ptrs, g1 gc, windows-amd64)
GC Precious Log:
 CardTable entry size: 512
 Card Set container configuration: InlinePtr #cards 5 size 8 Array Of Cards #cards 10 size 36 Howl #buckets 4 coarsen threshold 1843 Howl Bitmap #cards 512 size 80 coarsen threshold 460 Card regions per heap region 1 cards per card region 2048
 CPUs: 8 total, 8 available
 Memory: 7930M
 Large Page Support: Disabled
 NUMA Support: Disabled
 Compressed Oops: Enabled (32-bit)
 Heap Region Size: 1M
 Heap Min Capacity: 8M
 Heap Initial Capacity: 124M
 Heap Max Capacity: 1984M
 Pre-touch: Disabled
 Parallel Workers: 8
 Concurrent Workers: 2
 Concurrent Refinement Workers: 8
 Periodic GC: Disabled
Heap:
 garbage-first heap   total reserved 2031616K, committed 70656K, used 62678K [0x0000000084000000, 0x0000000100000000)
  region size 1024K, 27 young (27648K), 2 survivors (2048K)
 Metaspace       used 77808K, committed 78528K, reserved 1179648K
  class space    used 8332K, committed 8640K, reserved 1048576K
GC Heap History (20 events):
Event: 6.406 GC heap before
{Heap before GC invocations=6 (full 0):
 garbage-first heap   total reserved 2031616K, committed 58368K, used 23520K [0x0000000084000000, 0x0000000100000000)
  region size 1024K, 4 young (4096K), 2 survivors (2048K)
 Metaspace       used 35571K, committed 35968K, reserved 1114112K
  class space    used 3681K, committed 3904K, reserved 1048576K
}
Event: 6.412 GC heap after
{Heap after GC invocations=7 (full 0):
 garbage-first heap   total reserved 2031616K, committed 58368K, used 22795K [0x0000000084000000, 0x0000000100000000)
  region size 1024K, 3 young (3072K), 3 survivors (3072K)
 Metaspace       used 35571K, committed 35968K, reserved 1114112K
  class space    used 3681K, committed 3904K, reserved 1048576K
}
Event: 6.834 GC heap before
{Heap before GC invocations=8 (full 0):
 garbage-first heap   total reserved 2031616K, committed 58368K, used 45323K [0x0000000084000000, 0x0000000100000000)
  region size 1024K, 26 young (26624K), 3 survivors (3072K)
 Metaspace       used 40201K, committed 40640K, reserved 1114112K
  class space    used 4207K, committed 4416K, reserved 1048576K
}
Event: 6.841 GC heap after
{Heap after GC invocations=9 (full 0):
 garbage-first heap   total reserved 2031616K, committed 58368K, used 25221K [0x0000000084000000, 0x0000000100000000)
  region size 1024K, 4 young (4096K), 4 survivors (4096K)
 Metaspace       used 40201K, committed 40640K, reserved 1114112K
  class space    used 4207K, committed 4416K, reserved 1048576K
}
Event: 7.384 GC heap before
{Heap before GC invocations=9 (full 0):
 garbage-first heap   total reserved 2031616K, committed 58368K, used 47749K [0x0000000084000000, 0x0000000100000000)
  region size 1024K, 27 young (27648K), 4 survivors (4096K)
 Metaspace       used 44949K, committed 45376K, reserved 1114112K
  class space    used 4798K, committed 4992K, reserved 1048576K
}
Event: 7.390 GC heap after
{Heap after GC invocations=10 (full 0):
 garbage-first heap   total reserved 2031616K, committed 58368K, used 27387K [0x0000000084000000, 0x0000000100000000)
  region size 1024K, 3 young (3072K), 3 survivors (3072K)
 Metaspace       used 44949K, committed 45376K, reserved 1114112K
  class space    used 4798K, committed 4992K, reserved 1048576K
}
Event: 8.410 GC heap before
{Heap before GC invocations=10 (full 0):
 garbage-first heap   total reserved 2031616K, committed 58368K, used 48891K [0x0000000084000000, 0x0000000100000000)
  region size 1024K, 24 young (24576K), 3 survivors (3072K)
 Metaspace       used 51363K, committed 51840K, reserved 1114112K
  class space    used 5390K, committed 5568K, reserved 1048576K
}
Event: 8.414 GC heap after
{Heap after GC invocations=11 (full 0):
 garbage-first heap   total reserved 2031616K, committed 70656K, used 29528K [0x0000000084000000, 0x0000000100000000)
  region size 1024K, 3 young (3072K), 3 survivors (3072K)
 Metaspace       used 51363K, committed 51840K, reserved 1114112K
  class space    used 5390K, committed 5568K, reserved 1048576K
}
Event: 9.243 GC heap before
{Heap before GC invocations=11 (full 0):
 garbage-first heap   total reserved 2031616K, committed 70656K, used 57176K [0x0000000084000000, 0x0000000100000000)
  region size 1024K, 32 young (32768K), 3 survivors (3072K)
 Metaspace       used 59972K, committed 60416K, reserved 1114112K
  class space    used 6319K, committed 6528K, reserved 1048576K
}
Event: 9.247 GC heap after
{Heap after GC invocations=12 (full 0):
 garbage-first heap   total reserved 2031616K, committed 70656K, used 30797K [0x0000000084000000, 0x0000000100000000)
  region size 1024K, 4 young (4096K), 4 survivors (4096K)
 Metaspace       used 59972K, committed 60416K, reserved 1114112K
  class space    used 6319K, committed 6528K, reserved 1048576K
}
Event: 10.095 GC heap before
{Heap before GC invocations=13 (full 0):
 garbage-first heap   total reserved 2031616K, committed 70656K, used 59469K [0x0000000084000000, 0x0000000100000000)
  region size 1024K, 33 young (33792K), 4 survivors (4096K)
 Metaspace       used 65475K, committed 66048K, reserved 1114112K
  class space    used 7003K, committed 7232K, reserved 1048576K
}
Event: 10.101 GC heap after
{Heap after GC invocations=14 (full 0):
 garbage-first heap   total reserved 2031616K, committed 70656K, used 33682K [0x0000000084000000, 0x0000000100000000)
  region size 1024K, 5 young (5120K), 5 survivors (5120K)
 Metaspace       used 65475K, committed 66048K, reserved 1114112K
  class space    used 7003K, committed 7232K, reserved 1048576K
}
Event: 10.924 GC heap before
{Heap before GC invocations=14 (full 0):
 garbage-first heap   total reserved 2031616K, committed 70656K, used 60306K [0x0000000084000000, 0x0000000100000000)
  region size 1024K, 31 young (31744K), 5 survivors (5120K)
 Metaspace       used 69138K, committed 69696K, reserved 1114112K
  class space    used 7418K, committed 7616K, reserved 1048576K
}
Event: 10.932 GC heap after
{Heap after GC invocations=15 (full 0):
 garbage-first heap   total reserved 2031616K, committed 70656K, used 36212K [0x0000000084000000, 0x0000000100000000)
  region size 1024K, 3 young (3072K), 3 survivors (3072K)
 Metaspace       used 69138K, committed 69696K, reserved 1114112K
  class space    used 7418K, committed 7616K, reserved 1048576K
}
Event: 39.932 GC heap before
{Heap before GC invocations=15 (full 0):
 garbage-first heap   total reserved 2031616K, committed 70656K, used 61812K [0x0000000084000000, 0x0000000100000000)
  region size 1024K, 29 young (29696K), 3 survivors (3072K)
 Metaspace       used 74806K, committed 75392K, reserved 1179648K
  class space    used 8067K, committed 8320K, reserved 1048576K
}
Event: 39.965 GC heap after
{Heap after GC invocations=16 (full 0):
 garbage-first heap   total reserved 2031616K, committed 70656K, used 37839K [0x0000000084000000, 0x0000000100000000)
  region size 1024K, 2 young (2048K), 2 survivors (2048K)
 Metaspace       used 74806K, committed 75392K, reserved 1179648K
  class space    used 8067K, committed 8320K, reserved 1048576K
}
Event: 538.005 GC heap before
{Heap before GC invocations=17 (full 0):
 garbage-first heap   total reserved 2031616K, committed 70656K, used 62415K [0x0000000084000000, 0x0000000100000000)
  region size 1024K, 26 young (26624K), 2 survivors (2048K)
 Metaspace       used 77547K, committed 78208K, reserved 1179648K
  class space    used 8331K, committed 8640K, reserved 1048576K
}
Event: 538.110 GC heap after
{Heap after GC invocations=18 (full 0):
 garbage-first heap   total reserved 2031616K, committed 70656K, used 38700K [0x0000000084000000, 0x0000000100000000)
  region size 1024K, 3 young (3072K), 3 survivors (3072K)
 Metaspace       used 77547K, committed 78208K, reserved 1179648K
  class space    used 8331K, committed 8640K, reserved 1048576K
}
Event: 2076.787 GC heap before
{Heap before GC invocations=18 (full 0):
 garbage-first heap   total reserved 2031616K, committed 70656K, used 62252K [0x0000000084000000, 0x0000000100000000)
  region size 1024K, 26 young (26624K), 3 survivors (3072K)
 Metaspace       used 77735K, committed 78464K, reserved 1179648K
  class space    used 8332K, committed 8640K, reserved 1048576K
}
Event: 2076.956 GC heap after
{Heap after GC invocations=19 (full 0):
 garbage-first heap   total reserved 2031616K, committed 70656K, used 38102K [0x0000000084000000, 0x0000000100000000)
  region size 1024K, 2 young (2048K), 2 survivors (2048K)
 Metaspace       used 77735K, committed 78464K, reserved 1179648K
  class space    used 8332K, committed 8640K, reserved 1048576K
}

