# JRE version: Java(TM) SE Runtime Environment (24.0.1+9) (build 24.0.1+9-30)
# Java VM: Java HotSpot(TM) 64-Bit Server VM (24.0.1+9-30, mixed mode, sharing, tiered, compressed oops, compressed class ptrs, g1 gc, windows-amd64)
GC Precious Log:
 CardTable entry size: 512
 Card Set container configuration: InlinePtr #cards 5 size 8 Array Of Cards #cards 10 size 36 Howl #buckets 4 coarsen threshold 1843 Howl Bitmap #cards 512 size 80 coarsen threshold 460 Card regions per heap region 1 cards per card region 2048
 CPUs: 8 total, 8 available
 Memory: 7930M
 Large Page Support: Disabled
 NUMA Support: Disabled
 Compressed Oops: Enabled (32-bit)
 Heap Region Size: 1M
 Heap Min Capacity: 8M
 Heap Initial Capacity: 124M
 Heap Max Capacity: 1984M
 Pre-touch: Disabled
 Parallel Workers: 8
 Concurrent Workers: 2
 Concurrent Refinement Workers: 8
 Periodic GC: Disabled
Heap:
 garbage-first heap   total reserved 2031616K, committed 78848K, used 57047K [0x0000000084000000, 0x0000000100000000)
  region size 1024K, 18 young (18432K), 4 survivors (4096K)
 Metaspace       used 88543K, committed 89216K, reserved 1179648K
  class space    used 9435K, committed 9728K, reserved 1048576K
GC Heap History (20 events):
Event: 12.489 GC heap before
{Heap before GC invocations=8 (full 0):
 garbage-first heap   total reserved 2031616K, committed 61440K, used 49583K [0x0000000084000000, 0x0000000100000000)
  region size 1024K, 26 young (26624K), 1 survivors (1024K)
 Metaspace       used 41813K, committed 42240K, reserved 1114112K
  class space    used 4426K, committed 4608K, reserved 1048576K
}
Event: 12.498 GC heap after
{Heap after GC invocations=9 (full 0):
 garbage-first heap   total reserved 2031616K, committed 61440K, used 26385K [0x0000000084000000, 0x0000000100000000)
  region size 1024K, 3 young (3072K), 3 survivors (3072K)
 Metaspace       used 41813K, committed 42240K, reserved 1114112K
  class space    used 4426K, committed 4608K, reserved 1048576K
}
Event: 13.783 GC heap before
{Heap before GC invocations=9 (full 0):
 garbage-first heap   total reserved 2031616K, committed 61440K, used 50961K [0x0000000084000000, 0x0000000100000000)
  region size 1024K, 28 young (28672K), 3 survivors (3072K)
 Metaspace       used 47708K, committed 48192K, reserved 1114112K
  class space    used 5113K, committed 5312K, reserved 1048576K
}
Event: 13.809 GC heap after
{Heap after GC invocations=10 (full 0):
 garbage-first heap   total reserved 2031616K, committed 61440K, used 28739K [0x0000000084000000, 0x0000000100000000)
  region size 1024K, 3 young (3072K), 3 survivors (3072K)
 Metaspace       used 47708K, committed 48192K, reserved 1114112K
  class space    used 5113K, committed 5312K, reserved 1048576K
}
Event: 16.167 GC heap before
{Heap before GC invocations=10 (full 0):
 garbage-first heap   total reserved 2031616K, committed 61440K, used 51267K [0x0000000084000000, 0x0000000100000000)
  region size 1024K, 26 young (26624K), 3 survivors (3072K)
 Metaspace       used 53570K, committed 54016K, reserved 1114112K
  class space    used 5649K, committed 5824K, reserved 1048576K
}
Event: 16.175 GC heap after
{Heap after GC invocations=11 (full 0):
 garbage-first heap   total reserved 2031616K, committed 61440K, used 31149K [0x0000000084000000, 0x0000000100000000)
  region size 1024K, 3 young (3072K), 3 survivors (3072K)
 Metaspace       used 53570K, committed 54016K, reserved 1114112K
  class space    used 5649K, committed 5824K, reserved 1048576K
}
Event: 17.453 GC heap before
{Heap before GC invocations=11 (full 0):
 garbage-first heap   total reserved 2031616K, committed 61440K, used 48557K [0x0000000084000000, 0x0000000100000000)
  region size 1024K, 22 young (22528K), 3 survivors (3072K)
 Metaspace       used 59648K, committed 60096K, reserved 1114112K
  class space    used 6250K, committed 6464K, reserved 1048576K
}
Event: 17.461 GC heap after
{Heap after GC invocations=12 (full 0):
 garbage-first heap   total reserved 2031616K, committed 61440K, used 32911K [0x0000000084000000, 0x0000000100000000)
  region size 1024K, 2 young (2048K), 2 survivors (2048K)
 Metaspace       used 59648K, committed 60096K, reserved 1114112K
  class space    used 6250K, committed 6464K, reserved 1048576K
}
Event: 18.984 GC heap before
{Heap before GC invocations=13 (full 0):
 garbage-first heap   total reserved 2031616K, committed 61440K, used 54415K [0x0000000084000000, 0x0000000100000000)
  region size 1024K, 23 young (23552K), 2 survivors (2048K)
 Metaspace       used 65573K, committed 66112K, reserved 1114112K
  class space    used 6928K, committed 7168K, reserved 1048576K
}
Event: 18.989 GC heap after
{Heap after GC invocations=14 (full 0):
 garbage-first heap   total reserved 2031616K, committed 61440K, used 34021K [0x0000000084000000, 0x0000000100000000)
  region size 1024K, 3 young (3072K), 3 survivors (3072K)
 Metaspace       used 65573K, committed 66112K, reserved 1114112K
  class space    used 6928K, committed 7168K, reserved 1048576K
}
Event: 20.276 GC heap before
{Heap before GC invocations=14 (full 0):
 garbage-first heap   total reserved 2031616K, committed 61440K, used 54501K [0x0000000084000000, 0x0000000100000000)
  region size 1024K, 23 young (23552K), 3 survivors (3072K)
 Metaspace       used 70946K, committed 71488K, reserved 1114112K
  class space    used 7520K, committed 7744K, reserved 1048576K
}
Event: 20.287 GC heap after
{Heap after GC invocations=15 (full 0):
 garbage-first heap   total reserved 2031616K, committed 61440K, used 35137K [0x0000000084000000, 0x0000000100000000)
  region size 1024K, 3 young (3072K), 3 survivors (3072K)
 Metaspace       used 70946K, committed 71488K, reserved 1114112K
  class space    used 7520K, committed 7744K, reserved 1048576K
}
Event: 21.660 GC heap before
{Heap before GC invocations=15 (full 0):
 garbage-first heap   total reserved 2031616K, committed 61440K, used 54593K [0x0000000084000000, 0x0000000100000000)
  region size 1024K, 22 young (22528K), 3 survivors (3072K)
 Metaspace       used 73065K, committed 73664K, reserved 1179648K
  class space    used 7778K, committed 8064K, reserved 1048576K
}
Event: 21.672 GC heap after
{Heap after GC invocations=16 (full 0):
 garbage-first heap   total reserved 2031616K, committed 61440K, used 37045K [0x0000000084000000, 0x0000000100000000)
  region size 1024K, 3 young (3072K), 3 survivors (3072K)
 Metaspace       used 73065K, committed 73664K, reserved 1179648K
  class space    used 7778K, committed 8064K, reserved 1048576K
}
Event: 22.558 GC heap before
{Heap before GC invocations=17 (full 0):
 garbage-first heap   total reserved 2031616K, committed 65536K, used 52405K [0x0000000084000000, 0x0000000100000000)
  region size 1024K, 18 young (18432K), 3 survivors (3072K)
 Metaspace       used 75147K, committed 75712K, reserved 1179648K
  class space    used 8073K, committed 8320K, reserved 1048576K
}
Event: 22.565 GC heap after
{Heap after GC invocations=18 (full 0):
 garbage-first heap   total reserved 2031616K, committed 78848K, used 38496K [0x0000000084000000, 0x0000000100000000)
  region size 1024K, 2 young (2048K), 2 survivors (2048K)
 Metaspace       used 75147K, committed 75712K, reserved 1179648K
  class space    used 8073K, committed 8320K, reserved 1048576K
}
Event: 276.822 GC heap before
{Heap before GC invocations=18 (full 0):
 garbage-first heap   total reserved 2031616K, committed 78848K, used 69216K [0x0000000084000000, 0x0000000100000000)
  region size 1024K, 32 young (32768K), 2 survivors (2048K)
 Metaspace       used 80133K, committed 80832K, reserved 1179648K
  class space    used 8546K, committed 8832K, reserved 1048576K
}
Event: 276.911 GC heap after
{Heap after GC invocations=19 (full 0):
 garbage-first heap   total reserved 2031616K, committed 78848K, used 40640K [0x0000000084000000, 0x0000000100000000)
  region size 1024K, 4 young (4096K), 4 survivors (4096K)
 Metaspace       used 80133K, committed 80832K, reserved 1179648K
  class space    used 8546K, committed 8832K, reserved 1048576K
}
Event: 301.061 GC heap before
{Heap before GC invocations=19 (full 0):
 garbage-first heap   total reserved 2031616K, committed 78848K, used 69312K [0x0000000084000000, 0x0000000100000000)
  region size 1024K, 32 young (32768K), 4 survivors (4096K)
 Metaspace       used 86880K, committed 87552K, reserved 1179648K
  class space    used 9223K, committed 9536K, reserved 1048576K
}
Event: 301.091 GC heap after
{Heap after GC invocations=20 (full 0):
 garbage-first heap   total reserved 2031616K, committed 78848K, used 43735K [0x0000000084000000, 0x0000000100000000)
  region size 1024K, 4 young (4096K), 4 survivors (4096K)
 Metaspace       used 86880K, committed 87552K, reserved 1179648K
  class space    used 9223K, committed 9536K, reserved 1048576K
}

